0 info it worked if it ends with ok
1 verbose cli [ '/usr/local/Cellar/node/7.2.1/bin/node',
1 verbose cli   '/usr/local/bin/npm',
1 verbose cli   'run',
1 verbose cli   'buildDemo' ]
2 info using npm@3.10.9
3 info using node@v7.2.1
4 verbose run-script [ 'prebuildDemo', 'buildDemo', 'postbuildDemo' ]
5 info lifecycle goap2@1.0.0~prebuildDemo: goap2@1.0.0
6 silly lifecycle goap2@1.0.0~prebuildDemo: no script for prebuildDemo, continuing
7 info lifecycle goap2@1.0.0~buildDemo: goap2@1.0.0
8 verbose lifecycle goap2@1.0.0~buildDemo: unsafe-perm in lifecycle true
9 verbose lifecycle goap2@1.0.0~buildDemo: PATH: /usr/local/lib/node_modules/npm/bin/node-gyp-bin:/Users/eidy/Projects/goap2/node_modules/.bin:/usr/local/Cellar/node/7.2.1/bin:/usr/local/bin:/usr/bin:/bin:/usr/sbin:/sbin
10 verbose lifecycle goap2@1.0.0~buildDemo: CWD: /Users/eidy/Projects/goap2
11 silly lifecycle goap2@1.0.0~buildDemo: Args: [ '-c', 'babel -s inline -x .js,.jsy demo -d demo' ]
12 silly lifecycle goap2@1.0.0~buildDemo: Returned: code: 1  signal: null
13 info lifecycle goap2@1.0.0~buildDemo: Failed to exec buildDemo script
14 verbose stack Error: goap2@1.0.0 buildDemo: `babel -s inline -x .js,.jsy demo -d demo`
14 verbose stack Exit status 1
14 verbose stack     at EventEmitter.<anonymous> (/usr/local/lib/node_modules/npm/lib/utils/lifecycle.js:255:16)
14 verbose stack     at emitTwo (events.js:106:13)
14 verbose stack     at EventEmitter.emit (events.js:191:7)
14 verbose stack     at ChildProcess.<anonymous> (/usr/local/lib/node_modules/npm/lib/utils/spawn.js:40:14)
14 verbose stack     at emitTwo (events.js:106:13)
14 verbose stack     at ChildProcess.emit (events.js:191:7)
14 verbose stack     at maybeClose (internal/child_process.js:885:16)
14 verbose stack     at Process.ChildProcess._handle.onexit (internal/child_process.js:226:5)
15 verbose pkgid goap2@1.0.0
16 verbose cwd /Users/eidy/Projects/goap2/demo
17 error Darwin 16.5.0
18 error argv "/usr/local/Cellar/node/7.2.1/bin/node" "/usr/local/bin/npm" "run" "buildDemo"
19 error node v7.2.1
20 error npm  v3.10.9
21 error code ELIFECYCLE
22 error goap2@1.0.0 buildDemo: `babel -s inline -x .js,.jsy demo -d demo`
22 error Exit status 1
23 error Failed at the goap2@1.0.0 buildDemo script 'babel -s inline -x .js,.jsy demo -d demo'.
23 error Make sure you have the latest version of node.js and npm installed.
23 error If you do, this is most likely a problem with the goap2 package,
23 error not with npm itself.
23 error Tell the author that this fails on your system:
23 error     babel -s inline -x .js,.jsy demo -d demo
23 error You can get information on how to open an issue for this project with:
23 error     npm bugs goap2
23 error Or if that isn't available, you can get their info via:
23 error     npm owner ls goap2
23 error There is likely additional logging output above.
24 verbose exit [ 1, true ]
